build/app/intermediates/manifest_merge_blame_file/release/manifest-merger-blame-release-report.txt
1<?xml version="1.0" encoding="utf-8"?>
2<manifest xmlns:android="http://schemas.android.com/apk/res/android"
3    package="com.theholylabs.ampm"
4    android:versionCode="8"
5    android:versionName="1.7" >
6
7    <uses-sdk
8        android:minSdkVersion="28"
8-->src/main/AndroidManifest.xml
9        android:targetSdkVersion="34" />
9-->src/main/AndroidManifest.xml
10
11    <!-- Add these permission tags -->
12    <uses-permission android:name="android.permission.ACCESS_FINE_LOCATION" />
12-->src/main/AndroidManifest.xml:4:5-79
12-->src/main/AndroidManifest.xml:4:22-76
13    <uses-permission android:name="android.permission.ACCESS_COARSE_LOCATION" />
13-->src/main/AndroidManifest.xml:5:5-81
13-->src/main/AndroidManifest.xml:5:22-78
14    <uses-permission android:name="android.permission.INTERNET" />
14-->src/main/AndroidManifest.xml:6:5-67
14-->src/main/AndroidManifest.xml:6:22-64
15    <uses-permission android:name="com.android.vending.BILLING" />
15-->src/main/AndroidManifest.xml:7:5-67
15-->src/main/AndroidManifest.xml:7:22-64
16    <!-- Provide required visibility configuration for API level 30 and above -->
17    <!-- Provide required visibility configuration for API level 30 and above -->
18    <queries>
18-->src/main/AndroidManifest.xml:10:5-27:15
19
20        <!-- If your app checks for SMS support -->
21        <intent>
21-->src/main/AndroidManifest.xml:12:9-15:18
22            <action android:name="android.intent.action.VIEW" />
22-->src/main/AndroidManifest.xml:13:13-65
22-->src/main/AndroidManifest.xml:13:21-62
23
24            <data android:scheme="sms" />
24-->src/main/AndroidManifest.xml:14:13-42
24-->src/main/AndroidManifest.xml:14:19-39
25        </intent>
26        <!-- If your app checks for call support -->
27        <intent>
27-->src/main/AndroidManifest.xml:17:9-20:18
28            <action android:name="android.intent.action.VIEW" />
28-->src/main/AndroidManifest.xml:13:13-65
28-->src/main/AndroidManifest.xml:13:21-62
29
30            <data android:scheme="tel" />
30-->src/main/AndroidManifest.xml:14:13-42
30-->src/main/AndroidManifest.xml:14:19-39
31        </intent>
32        <intent>
32-->src/main/AndroidManifest.xml:21:9-25:18
33            <action android:name="android.intent.action.VIEW" />
33-->src/main/AndroidManifest.xml:13:13-65
33-->src/main/AndroidManifest.xml:13:21-62
34
35            <category android:name="android.intent.category.BROWSABLE" />
35-->src/main/AndroidManifest.xml:23:13-74
35-->src/main/AndroidManifest.xml:23:23-71
36
37            <data android:scheme="https" />
37-->src/main/AndroidManifest.xml:14:13-42
37-->src/main/AndroidManifest.xml:14:19-39
38        </intent>
39        <intent>
39-->[com.android.billingclient:billing:6.2.0] AndroidManifest.xml:13:9-15:18
40            <action android:name="com.android.vending.billing.InAppBillingService.BIND" />
40-->[com.android.billingclient:billing:6.2.0] AndroidManifest.xml:14:13-91
40-->[com.android.billingclient:billing:6.2.0] AndroidManifest.xml:14:21-88
41        </intent> <!-- Needs to be explicitly declared on Android R+ -->
42        <package android:name="com.google.android.apps.maps" />
42-->[com.google.android.gms:play-services-maps:18.2.0] AndroidManifest.xml:33:9-64
42-->[com.google.android.gms:play-services-maps:18.2.0] AndroidManifest.xml:33:18-61
43    </queries>
44
45    <uses-permission android:name="android.permission.POST_NOTIFICATIONS" />
45-->[:awesome_notifications] AndroidManifest.xml:9:5-77
45-->[:awesome_notifications] AndroidManifest.xml:9:22-74
46    <uses-permission android:name="android.permission.BROADCAST_CLOSE_SYSTEM_DIALOGS" />
46-->[:awesome_notifications] AndroidManifest.xml:10:5-89
46-->[:awesome_notifications] AndroidManifest.xml:10:22-86
47    <uses-permission android:name="android.permission.RECEIVE_BOOT_COMPLETED" />
47-->[:awesome_notifications] AndroidManifest.xml:11:5-81
47-->[:awesome_notifications] AndroidManifest.xml:11:22-78
48    <uses-permission android:name="android.permission.VIBRATE" />
48-->[:awesome_notifications] AndroidManifest.xml:12:5-66
48-->[:awesome_notifications] AndroidManifest.xml:12:22-63
49    <uses-permission
49-->[me.carda:AndroidAwnCore:0.9.3] AndroidManifest.xml:10:5-12:38
50        android:name="android.permission.BIND_NOTIFICATION_LISTENER_SERVICE"
50-->[me.carda:AndroidAwnCore:0.9.3] AndroidManifest.xml:11:9-77
51        android:maxSdkVersion="22" /> <!-- Include required permissions for Google Maps API to run. -->
51-->[me.carda:AndroidAwnCore:0.9.3] AndroidManifest.xml:12:9-35
52    <uses-permission android:name="android.permission.ACCESS_NETWORK_STATE" />
52-->[com.google.android.gms:play-services-maps:18.2.0] AndroidManifest.xml:23:5-79
52-->[com.google.android.gms:play-services-maps:18.2.0] AndroidManifest.xml:23:22-76
53
54    <uses-feature
54-->[com.google.android.gms:play-services-maps:18.2.0] AndroidManifest.xml:26:5-28:35
55        android:glEsVersion="0x00020000"
55-->[com.google.android.gms:play-services-maps:18.2.0] AndroidManifest.xml:27:9-41
56        android:required="true" />
56-->[com.google.android.gms:play-services-maps:18.2.0] AndroidManifest.xml:28:9-32
57
58    <uses-permission android:name="com.google.android.providers.gsf.permission.READ_GSERVICES" />
58-->[com.google.android.recaptcha:recaptcha:18.4.0] AndroidManifest.xml:9:5-98
58-->[com.google.android.recaptcha:recaptcha:18.4.0] AndroidManifest.xml:9:22-95
59
60    <permission
60-->[androidx.core:core:1.13.1] AndroidManifest.xml:22:5-24:47
61        android:name="com.theholylabs.ampm.DYNAMIC_RECEIVER_NOT_EXPORTED_PERMISSION"
61-->[androidx.core:core:1.13.1] AndroidManifest.xml:23:9-81
62        android:protectionLevel="signature" />
62-->[androidx.core:core:1.13.1] AndroidManifest.xml:24:9-44
63
64    <uses-permission android:name="com.theholylabs.ampm.DYNAMIC_RECEIVER_NOT_EXPORTED_PERMISSION" /> <!-- for android -->
64-->[androidx.core:core:1.13.1] AndroidManifest.xml:26:5-97
64-->[androidx.core:core:1.13.1] AndroidManifest.xml:26:22-94
65    <!-- <uses-permission android:name="com.android.launcher.permission.READ_SETTINGS"/> -->
66    <!-- <uses-permission android:name="com.android.launcher.permission.WRITE_SETTINGS"/> -->
67    <!-- <uses-permission android:name="com.android.launcher.permission.INSTALL_SHORTCUT" /> -->
68    <!-- <uses-permission android:name="com.android.launcher.permission.UNINSTALL_SHORTCUT" /> -->
69    <!-- for Samsung -->
70    <uses-permission android:name="com.sec.android.provider.badge.permission.READ" />
70-->[me.leolin:ShortcutBadger:1.1.22] AndroidManifest.xml:19:5-86
70-->[me.leolin:ShortcutBadger:1.1.22] AndroidManifest.xml:19:22-83
71    <uses-permission android:name="com.sec.android.provider.badge.permission.WRITE" /> <!-- for htc -->
71-->[me.leolin:ShortcutBadger:1.1.22] AndroidManifest.xml:20:5-87
71-->[me.leolin:ShortcutBadger:1.1.22] AndroidManifest.xml:20:22-84
72    <uses-permission android:name="com.htc.launcher.permission.READ_SETTINGS" />
72-->[me.leolin:ShortcutBadger:1.1.22] AndroidManifest.xml:23:5-81
72-->[me.leolin:ShortcutBadger:1.1.22] AndroidManifest.xml:23:22-78
73    <uses-permission android:name="com.htc.launcher.permission.UPDATE_SHORTCUT" /> <!-- for sony -->
73-->[me.leolin:ShortcutBadger:1.1.22] AndroidManifest.xml:24:5-83
73-->[me.leolin:ShortcutBadger:1.1.22] AndroidManifest.xml:24:22-80
74    <uses-permission android:name="com.sonyericsson.home.permission.BROADCAST_BADGE" />
74-->[me.leolin:ShortcutBadger:1.1.22] AndroidManifest.xml:27:5-88
74-->[me.leolin:ShortcutBadger:1.1.22] AndroidManifest.xml:27:22-85
75    <uses-permission android:name="com.sonymobile.home.permission.PROVIDER_INSERT_BADGE" /> <!-- for apex -->
75-->[me.leolin:ShortcutBadger:1.1.22] AndroidManifest.xml:28:5-92
75-->[me.leolin:ShortcutBadger:1.1.22] AndroidManifest.xml:28:22-89
76    <uses-permission android:name="com.anddoes.launcher.permission.UPDATE_COUNT" /> <!-- for solid -->
76-->[me.leolin:ShortcutBadger:1.1.22] AndroidManifest.xml:31:5-84
76-->[me.leolin:ShortcutBadger:1.1.22] AndroidManifest.xml:31:22-81
77    <uses-permission android:name="com.majeur.launcher.permission.UPDATE_BADGE" /> <!-- for huawei -->
77-->[me.leolin:ShortcutBadger:1.1.22] AndroidManifest.xml:34:5-83
77-->[me.leolin:ShortcutBadger:1.1.22] AndroidManifest.xml:34:22-80
78    <uses-permission android:name="com.huawei.android.launcher.permission.CHANGE_BADGE" />
78-->[me.leolin:ShortcutBadger:1.1.22] AndroidManifest.xml:37:5-91
78-->[me.leolin:ShortcutBadger:1.1.22] AndroidManifest.xml:37:22-88
79    <uses-permission android:name="com.huawei.android.launcher.permission.READ_SETTINGS" />
79-->[me.leolin:ShortcutBadger:1.1.22] AndroidManifest.xml:38:5-92
79-->[me.leolin:ShortcutBadger:1.1.22] AndroidManifest.xml:38:22-89
80    <uses-permission android:name="com.huawei.android.launcher.permission.WRITE_SETTINGS" /> <!-- for ZUK -->
80-->[me.leolin:ShortcutBadger:1.1.22] AndroidManifest.xml:39:5-93
80-->[me.leolin:ShortcutBadger:1.1.22] AndroidManifest.xml:39:22-90
81    <uses-permission android:name="android.permission.READ_APP_BADGE" /> <!-- for OPPO -->
81-->[me.leolin:ShortcutBadger:1.1.22] AndroidManifest.xml:42:5-73
81-->[me.leolin:ShortcutBadger:1.1.22] AndroidManifest.xml:42:22-70
82    <uses-permission android:name="com.oppo.launcher.permission.READ_SETTINGS" />
82-->[me.leolin:ShortcutBadger:1.1.22] AndroidManifest.xml:45:5-82
82-->[me.leolin:ShortcutBadger:1.1.22] AndroidManifest.xml:45:22-79
83    <uses-permission android:name="com.oppo.launcher.permission.WRITE_SETTINGS" /> <!-- for EvMe -->
83-->[me.leolin:ShortcutBadger:1.1.22] AndroidManifest.xml:46:5-83
83-->[me.leolin:ShortcutBadger:1.1.22] AndroidManifest.xml:46:22-80
84    <uses-permission android:name="me.everything.badger.permission.BADGE_COUNT_READ" />
84-->[me.leolin:ShortcutBadger:1.1.22] AndroidManifest.xml:49:5-88
84-->[me.leolin:ShortcutBadger:1.1.22] AndroidManifest.xml:49:22-85
85    <uses-permission android:name="me.everything.badger.permission.BADGE_COUNT_WRITE" />
85-->[me.leolin:ShortcutBadger:1.1.22] AndroidManifest.xml:50:5-89
85-->[me.leolin:ShortcutBadger:1.1.22] AndroidManifest.xml:50:22-86
86
87    <application
88        android:name="android.app.Application"
88-->src/main/AndroidManifest.xml:32:9-42
89        android:appComponentFactory="androidx.core.app.CoreComponentFactory"
89-->[androidx.core:core:1.13.1] AndroidManifest.xml:28:18-86
90        android:enableOnBackInvokedCallback="true"
90-->src/main/AndroidManifest.xml:29:9-51
91        android:extractNativeLibs="false"
92        android:icon="@mipmap/ic_launcher"
92-->src/main/AndroidManifest.xml:33:9-43
93        android:label="Appoint Master"
93-->src/main/AndroidManifest.xml:31:9-39
94        android:usesCleartextTraffic="true" >
94-->src/main/AndroidManifest.xml:30:9-44
95        <activity
95-->src/main/AndroidManifest.xml:36:9-58:20
96            android:name="com.theholylabs.ampm.MainActivity"
96-->src/main/AndroidManifest.xml:37:13-41
97            android:configChanges="orientation|keyboardHidden|keyboard|screenSize|smallestScreenSize|locale|layoutDirection|fontScale|screenLayout|density|uiMode"
97-->src/main/AndroidManifest.xml:41:13-163
98            android:exported="true"
98-->src/main/AndroidManifest.xml:38:13-36
99            android:hardwareAccelerated="true"
99-->src/main/AndroidManifest.xml:42:13-47
100            android:launchMode="singleTop"
100-->src/main/AndroidManifest.xml:39:13-43
101            android:theme="@style/LaunchTheme"
101-->src/main/AndroidManifest.xml:40:13-47
102            android:windowSoftInputMode="adjustResize" >
102-->src/main/AndroidManifest.xml:43:13-55
103
104            <!--
105                 Specifies an Android theme to apply to this Activity as soon as
106                 the Android process has started. This theme is visible to the user
107                 while the Flutter UI initializes. After that, this theme continues
108                 to determine the Window background behind the Flutter UI.
109            -->
110            <meta-data
110-->src/main/AndroidManifest.xml:49:13-51:57
111                android:name="io.flutter.embedding.android.NormalTheme"
111-->src/main/AndroidManifest.xml:50:17-72
112                android:resource="@style/NormalTheme" />
112-->src/main/AndroidManifest.xml:51:17-54
113
114            <intent-filter>
114-->src/main/AndroidManifest.xml:53:13-56:29
115                <action android:name="android.intent.action.MAIN" />
115-->src/main/AndroidManifest.xml:54:17-68
115-->src/main/AndroidManifest.xml:54:25-66
116
117                <category android:name="android.intent.category.LAUNCHER" />
117-->src/main/AndroidManifest.xml:55:17-76
117-->src/main/AndroidManifest.xml:55:27-74
118            </intent-filter>
119        </activity>
120
121        <!-- Place the meta-data for the API key here -->
122        <meta-data
122-->src/main/AndroidManifest.xml:61:9-63:71
123            android:name="com.google.android.geo.API_KEY"
123-->src/main/AndroidManifest.xml:62:13-58
124            android:value="AIzaSyA1Cn3fZigsdTv-4iBocFqo7cWk2Q5I1MA" />
124-->src/main/AndroidManifest.xml:63:13-68
125
126        <!--
127             Don't delete the meta-data below.
128             This is used by the Flutter tool to generate GeneratedPluginRegistrant.java
129        -->
130        <meta-data
130-->src/main/AndroidManifest.xml:67:9-69:33
131            android:name="flutterEmbedding"
131-->src/main/AndroidManifest.xml:68:13-44
132            android:value="2" />
132-->src/main/AndroidManifest.xml:69:13-30
133
134        <service
134-->src/main/AndroidManifest.xml:70:9-76:19
135            android:name="com.theholylabs.ampm.java.MyFirebaseMessagingService"
135-->src/main/AndroidManifest.xml:71:13-60
136            android:exported="false" >
136-->src/main/AndroidManifest.xml:72:13-37
137            <intent-filter>
137-->src/main/AndroidManifest.xml:73:13-75:29
138                <action android:name="com.google.firebase.MESSAGING_EVENT" />
138-->src/main/AndroidManifest.xml:74:17-78
138-->src/main/AndroidManifest.xml:74:25-75
139            </intent-filter>
140        </service>
141
142        <receiver
142-->[:awesome_notifications] AndroidManifest.xml:15:9-17:39
143            android:name="me.carda.awesome_notifications.DartNotificationActionReceiver"
143-->[:awesome_notifications] AndroidManifest.xml:16:13-89
144            android:exported="true" />
144-->[:awesome_notifications] AndroidManifest.xml:17:13-36
145        <receiver
145-->[:awesome_notifications] AndroidManifest.xml:18:9-20:39
146            android:name="me.carda.awesome_notifications.DartDismissedNotificationReceiver"
146-->[:awesome_notifications] AndroidManifest.xml:19:13-92
147            android:exported="true" />
147-->[:awesome_notifications] AndroidManifest.xml:20:13-36
148        <receiver
148-->[:awesome_notifications] AndroidManifest.xml:21:9-23:39
149            android:name="me.carda.awesome_notifications.DartScheduledNotificationReceiver"
149-->[:awesome_notifications] AndroidManifest.xml:22:13-92
150            android:exported="true" />
150-->[:awesome_notifications] AndroidManifest.xml:23:13-36
151        <receiver
151-->[:awesome_notifications] AndroidManifest.xml:24:9-38:20
152            android:name="me.carda.awesome_notifications.DartRefreshSchedulesReceiver"
152-->[:awesome_notifications] AndroidManifest.xml:25:13-87
153            android:enabled="true"
153-->[:awesome_notifications] AndroidManifest.xml:26:13-35
154            android:exported="true" >
154-->[:awesome_notifications] AndroidManifest.xml:27:13-36
155            <intent-filter>
155-->[:awesome_notifications] AndroidManifest.xml:28:13-37:29
156                <category android:name="android.intent.category.DEFAULT" />
156-->[:awesome_notifications] AndroidManifest.xml:29:17-76
156-->[:awesome_notifications] AndroidManifest.xml:29:27-73
157
158                <action android:name="android.intent.action.BOOT_COMPLETED" />
158-->[:awesome_notifications] AndroidManifest.xml:31:17-79
158-->[:awesome_notifications] AndroidManifest.xml:31:25-76
159                <action android:name="android.intent.action.LOCKED_BOOT_COMPLETED" />
159-->[:awesome_notifications] AndroidManifest.xml:32:17-86
159-->[:awesome_notifications] AndroidManifest.xml:32:25-83
160                <action android:name="android.intent.action.MY_PACKAGE_REPLACED" />
160-->[:awesome_notifications] AndroidManifest.xml:33:17-84
160-->[:awesome_notifications] AndroidManifest.xml:33:25-81
161                <action android:name="android.intent.action.QUICKBOOT_POWERON" />
161-->[:awesome_notifications] AndroidManifest.xml:34:17-82
161-->[:awesome_notifications] AndroidManifest.xml:34:25-79
162                <action android:name="com.htc.intent.action.QUICKBOOT_POWERON" />
162-->[:awesome_notifications] AndroidManifest.xml:35:17-82
162-->[:awesome_notifications] AndroidManifest.xml:35:25-79
163                <action android:name="android.app.action.SCHEDULE_EXACT_ALARM_PERMISSION_STATE_CHANGED" />
163-->[:awesome_notifications] AndroidManifest.xml:36:17-107
163-->[:awesome_notifications] AndroidManifest.xml:36:25-104
164            </intent-filter>
165        </receiver>
166
167        <service
167-->[:awesome_notifications] AndroidManifest.xml:40:9-43:72
168            android:name="me.carda.awesome_notifications.DartBackgroundService"
168-->[:awesome_notifications] AndroidManifest.xml:41:13-80
169            android:exported="false"
169-->[:awesome_notifications] AndroidManifest.xml:42:13-37
170            android:permission="android.permission.BIND_JOB_SERVICE" />
170-->[:awesome_notifications] AndroidManifest.xml:43:13-69
171        <service
171-->[:awesome_notifications] AndroidManifest.xml:44:9-49:43
172            android:name="me.carda.awesome_notifications.core.services.ForegroundService"
172-->[:awesome_notifications] AndroidManifest.xml:45:13-90
173            android:enabled="true"
173-->[:awesome_notifications] AndroidManifest.xml:46:13-35
174            android:exported="false"
174-->[:awesome_notifications] AndroidManifest.xml:47:13-37
175            android:foregroundServiceType="phoneCall"
175-->[:awesome_notifications] AndroidManifest.xml:48:13-54
176            android:stopWithTask="true" />
176-->[:awesome_notifications] AndroidManifest.xml:49:13-40
177        <service
177-->[:cloud_firestore] AndroidManifest.xml:10:9-14:19
178            android:name="com.google.firebase.components.ComponentDiscoveryService"
178-->[:cloud_firestore] AndroidManifest.xml:10:18-89
179            android:directBootAware="true"
179-->[com.google.firebase:firebase-common:21.0.0] AndroidManifest.xml:32:13-43
180            android:exported="false" >
180-->[com.google.firebase:firebase-auth:23.0.0] AndroidManifest.xml:68:13-37
181            <meta-data
181-->[:cloud_firestore] AndroidManifest.xml:11:13-13:85
182                android:name="com.google.firebase.components:io.flutter.plugins.firebase.firestore.FlutterFirebaseFirestoreRegistrar"
182-->[:cloud_firestore] AndroidManifest.xml:12:17-134
183                android:value="com.google.firebase.components.ComponentRegistrar" />
183-->[:cloud_firestore] AndroidManifest.xml:13:17-82
184            <meta-data
184-->[:firebase_auth] AndroidManifest.xml:11:13-13:85
185                android:name="com.google.firebase.components:io.flutter.plugins.firebase.auth.FlutterFirebaseAuthRegistrar"
185-->[:firebase_auth] AndroidManifest.xml:12:17-124
186                android:value="com.google.firebase.components.ComponentRegistrar" />
186-->[:firebase_auth] AndroidManifest.xml:13:17-82
187            <meta-data
187-->[:firebase_storage] AndroidManifest.xml:11:13-13:85
188                android:name="com.google.firebase.components:io.flutter.plugins.firebase.storage.FlutterFirebaseAppRegistrar"
188-->[:firebase_storage] AndroidManifest.xml:12:17-126
189                android:value="com.google.firebase.components.ComponentRegistrar" />
189-->[:firebase_storage] AndroidManifest.xml:13:17-82
190            <meta-data
190-->[:firebase_core] AndroidManifest.xml:11:13-13:85
191                android:name="com.google.firebase.components:io.flutter.plugins.firebase.core.FlutterFirebaseCoreRegistrar"
191-->[:firebase_core] AndroidManifest.xml:12:17-124
192                android:value="com.google.firebase.components.ComponentRegistrar" />
192-->[:firebase_core] AndroidManifest.xml:13:17-82
193            <meta-data
193-->[com.google.firebase:firebase-auth:23.0.0] AndroidManifest.xml:69:13-71:85
194                android:name="com.google.firebase.components:com.google.firebase.auth.FirebaseAuthRegistrar"
194-->[com.google.firebase:firebase-auth:23.0.0] AndroidManifest.xml:70:17-109
195                android:value="com.google.firebase.components.ComponentRegistrar" />
195-->[com.google.firebase:firebase-auth:23.0.0] AndroidManifest.xml:71:17-82
196            <meta-data
196-->[com.google.firebase:firebase-firestore:25.1.0] AndroidManifest.xml:17:13-19:85
197                android:name="com.google.firebase.components:com.google.firebase.firestore.FirebaseFirestoreKtxRegistrar"
197-->[com.google.firebase:firebase-firestore:25.1.0] AndroidManifest.xml:18:17-122
198                android:value="com.google.firebase.components.ComponentRegistrar" />
198-->[com.google.firebase:firebase-firestore:25.1.0] AndroidManifest.xml:19:17-82
199            <meta-data
199-->[com.google.firebase:firebase-firestore:25.1.0] AndroidManifest.xml:20:13-22:85
200                android:name="com.google.firebase.components:com.google.firebase.firestore.FirestoreRegistrar"
200-->[com.google.firebase:firebase-firestore:25.1.0] AndroidManifest.xml:21:17-111
201                android:value="com.google.firebase.components.ComponentRegistrar" />
201-->[com.google.firebase:firebase-firestore:25.1.0] AndroidManifest.xml:22:17-82
202            <meta-data
202-->[com.google.firebase:firebase-storage:21.0.0] AndroidManifest.xml:30:13-32:85
203                android:name="com.google.firebase.components:com.google.firebase.storage.FirebaseStorageKtxRegistrar"
203-->[com.google.firebase:firebase-storage:21.0.0] AndroidManifest.xml:31:17-118
204                android:value="com.google.firebase.components.ComponentRegistrar" />
204-->[com.google.firebase:firebase-storage:21.0.0] AndroidManifest.xml:32:17-82
205            <meta-data
205-->[com.google.firebase:firebase-storage:21.0.0] AndroidManifest.xml:33:13-35:85
206                android:name="com.google.firebase.components:com.google.firebase.storage.StorageRegistrar"
206-->[com.google.firebase:firebase-storage:21.0.0] AndroidManifest.xml:34:17-107
207                android:value="com.google.firebase.components.ComponentRegistrar" />
207-->[com.google.firebase:firebase-storage:21.0.0] AndroidManifest.xml:35:17-82
208            <meta-data
208-->[com.google.firebase:firebase-appcheck:18.0.0] AndroidManifest.xml:25:13-27:85
209                android:name="com.google.firebase.components:com.google.firebase.appcheck.FirebaseAppCheckKtxRegistrar"
209-->[com.google.firebase:firebase-appcheck:18.0.0] AndroidManifest.xml:26:17-120
210                android:value="com.google.firebase.components.ComponentRegistrar" />
210-->[com.google.firebase:firebase-appcheck:18.0.0] AndroidManifest.xml:27:17-82
211            <meta-data
211-->[com.google.firebase:firebase-appcheck:18.0.0] AndroidManifest.xml:28:13-30:85
212                android:name="com.google.firebase.components:com.google.firebase.appcheck.FirebaseAppCheckRegistrar"
212-->[com.google.firebase:firebase-appcheck:18.0.0] AndroidManifest.xml:29:17-117
213                android:value="com.google.firebase.components.ComponentRegistrar" />
213-->[com.google.firebase:firebase-appcheck:18.0.0] AndroidManifest.xml:30:17-82
214            <meta-data
214-->[com.google.firebase:firebase-common-ktx:21.0.0] AndroidManifest.xml:12:13-14:85
215                android:name="com.google.firebase.components:com.google.firebase.ktx.FirebaseCommonLegacyRegistrar"
215-->[com.google.firebase:firebase-common-ktx:21.0.0] AndroidManifest.xml:13:17-116
216                android:value="com.google.firebase.components.ComponentRegistrar" />
216-->[com.google.firebase:firebase-common-ktx:21.0.0] AndroidManifest.xml:14:17-82
217            <meta-data
217-->[com.google.firebase:firebase-common:21.0.0] AndroidManifest.xml:35:13-37:85
218                android:name="com.google.firebase.components:com.google.firebase.FirebaseCommonKtxRegistrar"
218-->[com.google.firebase:firebase-common:21.0.0] AndroidManifest.xml:36:17-109
219                android:value="com.google.firebase.components.ComponentRegistrar" />
219-->[com.google.firebase:firebase-common:21.0.0] AndroidManifest.xml:37:17-82
220        </service>
221
222        <provider
222-->[:image_picker_android] AndroidManifest.xml:11:9-19:20
223            android:name="io.flutter.plugins.imagepicker.ImagePickerFileProvider"
223-->[:image_picker_android] AndroidManifest.xml:12:13-82
224            android:authorities="com.theholylabs.ampm.flutter.image_provider"
224-->[:image_picker_android] AndroidManifest.xml:13:13-74
225            android:exported="false"
225-->[:image_picker_android] AndroidManifest.xml:14:13-37
226            android:grantUriPermissions="true" >
226-->[:image_picker_android] AndroidManifest.xml:15:13-47
227            <meta-data
227-->[:image_picker_android] AndroidManifest.xml:16:13-18:75
228                android:name="android.support.FILE_PROVIDER_PATHS"
228-->[:image_picker_android] AndroidManifest.xml:17:17-67
229                android:resource="@xml/flutter_image_picker_file_paths" />
229-->[:image_picker_android] AndroidManifest.xml:18:17-72
230        </provider> <!-- Trigger Google Play services to install the backported photo picker module. -->
231        <service
231-->[:image_picker_android] AndroidManifest.xml:21:9-33:19
232            android:name="com.google.android.gms.metadata.ModuleDependencies"
232-->[:image_picker_android] AndroidManifest.xml:22:13-78
233            android:enabled="false"
233-->[:image_picker_android] AndroidManifest.xml:23:13-36
234            android:exported="false" >
234-->[:image_picker_android] AndroidManifest.xml:24:13-37
235            <intent-filter>
235-->[:image_picker_android] AndroidManifest.xml:26:13-28:29
236                <action android:name="com.google.android.gms.metadata.MODULE_DEPENDENCIES" />
236-->[:image_picker_android] AndroidManifest.xml:27:17-94
236-->[:image_picker_android] AndroidManifest.xml:27:25-91
237            </intent-filter>
238
239            <meta-data
239-->[:image_picker_android] AndroidManifest.xml:30:13-32:36
240                android:name="photopicker_activity:0:required"
240-->[:image_picker_android] AndroidManifest.xml:31:17-63
241                android:value="" />
241-->[:image_picker_android] AndroidManifest.xml:32:17-33
242        </service>
243        <service
243-->[:geolocator_android] AndroidManifest.xml:10:9-14:56
244            android:name="com.baseflow.geolocator.GeolocatorLocationService"
244-->[:geolocator_android] AndroidManifest.xml:11:13-77
245            android:enabled="true"
245-->[:geolocator_android] AndroidManifest.xml:12:13-35
246            android:exported="false"
246-->[:geolocator_android] AndroidManifest.xml:13:13-37
247            android:foregroundServiceType="location" />
247-->[:geolocator_android] AndroidManifest.xml:14:13-53
248
249        <activity
249-->[:url_launcher_android] AndroidManifest.xml:10:9-13:74
250            android:name="io.flutter.plugins.urllauncher.WebViewActivity"
250-->[:url_launcher_android] AndroidManifest.xml:11:13-74
251            android:exported="false"
251-->[:url_launcher_android] AndroidManifest.xml:12:13-37
252            android:theme="@android:style/Theme.NoTitleBar.Fullscreen" />
252-->[:url_launcher_android] AndroidManifest.xml:13:13-71
253
254        <meta-data
254-->[com.android.billingclient:billing:6.2.0] AndroidManifest.xml:19:9-21:37
255            android:name="com.google.android.play.billingclient.version"
255-->[com.android.billingclient:billing:6.2.0] AndroidManifest.xml:20:13-73
256            android:value="6.2.0" />
256-->[com.android.billingclient:billing:6.2.0] AndroidManifest.xml:21:13-34
257
258        <activity
258-->[com.android.billingclient:billing:6.2.0] AndroidManifest.xml:23:9-27:75
259            android:name="com.android.billingclient.api.ProxyBillingActivity"
259-->[com.android.billingclient:billing:6.2.0] AndroidManifest.xml:24:13-78
260            android:configChanges="keyboard|keyboardHidden|screenLayout|screenSize|orientation"
260-->[com.android.billingclient:billing:6.2.0] AndroidManifest.xml:25:13-96
261            android:exported="false"
261-->[com.android.billingclient:billing:6.2.0] AndroidManifest.xml:26:13-37
262            android:theme="@android:style/Theme.Translucent.NoTitleBar" />
262-->[com.android.billingclient:billing:6.2.0] AndroidManifest.xml:27:13-72
263
264        <service
264-->[me.carda:AndroidAwnCore:0.9.3] AndroidManifest.xml:21:9-28:19
265            android:name="me.carda.awesome_notifications.core.managers.StatusBarManager"
265-->[me.carda:AndroidAwnCore:0.9.3] AndroidManifest.xml:22:13-89
266            android:exported="true"
266-->[me.carda:AndroidAwnCore:0.9.3] AndroidManifest.xml:23:13-36
267            android:label="My Notification Listener Service" >
267-->[me.carda:AndroidAwnCore:0.9.3] AndroidManifest.xml:24:13-61
268            <intent-filter>
268-->[me.carda:AndroidAwnCore:0.9.3] AndroidManifest.xml:25:13-27:29
269                <action android:name="android.service.notification.NotificationListenerService" />
269-->[me.carda:AndroidAwnCore:0.9.3] AndroidManifest.xml:26:17-99
269-->[me.carda:AndroidAwnCore:0.9.3] AndroidManifest.xml:26:25-96
270            </intent-filter>
271        </service> <!-- Needs to be explicitly declared on P+ -->
272        <uses-library
272-->[com.google.android.gms:play-services-maps:18.2.0] AndroidManifest.xml:39:9-41:40